#
# A fatal error has been detected by the Java Runtime Environment:
#
#  SIGSEGV (0xb) at pc=0x000000013753edd2, pid=9026, tid=33283
#
# JRE version: OpenJDK Runtime Environment JBR-11.0.13.7-1751.25-jcef (11.0.13+7) (build 11.0.13+7-b1751.25)
# Java VM: OpenJDK 64-Bit Server VM JBR-11.0.13.7-1751.25-jcef (11.0.13+7-b1751.25, mixed mode, tiered, compressed oops, g1 gc, bsd-amd64)
# Problematic frame:
# C  [libjprofilerti.jnilib+0x7ddd2]  LiveCpuProfilingHelper::updateThreadNames()+0x72
#
# No core dump will be written. Core dumps have been disabled. To enable core dumping, try "ulimit -c unlimited" before starting Java again
#
# If you would like to submit a bug report, please visit:
#   https://bugreport.java.com/bugreport/crash.jsp
# The crash happened outside the Java Virtual Machine in native code.
# See problematic frame for where to report the bug.
#

---------------  S U M M A R Y ------------

Command Line: -agentlib:jdwp=transport=dt_socket,server=n,suspend=y,address=127.0.0.1:54658 -Xverify:none -XX:TieredStopAtLevel=1 -Dfile.encoding=UTF-8 -Duser.country=GB -Duser.language=en -Duser.variant com.example.demo.ImportApplication

Host: MacBookPro15,1 x86_64 2200 MHz, 12 cores, 16G, Darwin 20.3.0
Time: Wed Feb  2 14:24:49 2022 +08 elapsed time: 133.494222 seconds (0d 0h 2m 13s)

---------------  T H R E A D  ---------------

Current thread (0x00007f9ee3aab800):  JavaThread "_jprofiler_native_sampler" daemon [_thread_in_native, id=33283, stack(0x000070000ddb4000,0x000070000deb4000)]

Stack: [0x000070000ddb4000,0x000070000deb4000],  sp=0x000070000deb3d10,  free space=1023k
Native frames: (J=compiled Java code, A=aot compiled Java code, j=interpreted, Vv=VM code, C=native code)
C  [libjprofilerti.jnilib+0x7ddd2]  LiveCpuProfilingHelper::updateThreadNames()+0x72
C  [libjprofilerti.jnilib+0x9a525]  LiveSamplerSession::doThreadStatusSampling(JNIEnv_*)+0xe5
C  [libjprofilerti.jnilib+0x90b1b]  LiveProfiling::samplerThreadCallback(_jvmtiEnv*, JNIEnv_*, void*)+0x5b
V  [libjvm.dylib+0x4e8db2]  JvmtiAgentThread::call_start_function()+0x38
